#
# There is insufficient memory for the Java Runtime Environment to continue.
# Native memory allocation (mmap) failed to map 65536 bytes. Error detail: Failed to commit metaspace.
# Possible reasons:
#   The system is out of physical RAM or swap space
#   This process is running with CompressedOops enabled, and the Java Heap may be blocking the growth of the native heap
# Possible solutions:
#   Reduce memory load on the system
#   Increase physical memory or swap space
#   Check if swap backing store is full
#   Decrease Java heap size (-Xmx/-Xms)
#   Decrease number of Java threads
#   Decrease Java thread stack sizes (-Xss)
#   Set larger code cache with -XX:ReservedCodeCacheSize=
#   JVM is running with Zero Based Compressed Oops mode in which the Java heap is
#     placed in the first 32GB address space. The Java Heap base address is the
#     maximum limit for the native heap growth. Please use -XX:HeapBaseMinAddress
#     to set the Java Heap base and to place the Java Heap above 32GB virtual address.
# This output file may be truncated or incomplete.
#
#  Out of Memory Error (virtualSpaceNode.cpp:112), pid=4524, tid=4668
#
# JRE version: OpenJDK Runtime Environment (22.0+36) (build 22+36-2370)
# Java VM: OpenJDK 64-Bit Server VM (22+36-2370, mixed mode, sharing, tiered, compressed oops, compressed class ptrs, g1 gc, windows-amd64)
# No core dump will be written. Minidumps are not enabled by default on client versions of Windows
#

---------------  S U M M A R Y ------------

Command Line: -ea -Didea.test.cyclic.buffer.size=1048576 -javaagent:C:\Program Files\JetBrains\IntelliJ IDEA 2024.2.0.1\lib\idea_rt.jar=52896:C:\Program Files\JetBrains\IntelliJ IDEA 2024.2.0.1\bin -Dfile.encoding=UTF-8 -Dsun.stdout.encoding=UTF-8 -Dsun.stderr.encoding=UTF-8 com.intellij.rt.testng.RemoteTestNGStarter -usedefaultlisteners false -socket52895 @w@C:\Users\Orbit\AppData\Local\Temp\idea_working_dirs_testng.tmp -temp C:\Users\Orbit\AppData\Local\Temp\idea_testng.tmp

Host: Intel(R) Core(TM) i7-4810MQ CPU @ 2.80GHz, 8 cores, 15G,  Windows 10 , 64 bit Build 19041 (10.0.19041.4717)
Time: Wed Aug 21 02:48:04 2024 Egypt Summer Time elapsed time: 0.260432 seconds (0d 0h 0m 0s)

---------------  T H R E A D  ---------------

Current thread (0x00000181ed18cb60):  JavaThread "main"             [_thread_in_vm, id=4668, stack(0x0000002f6af00000,0x0000002f6b000000) (1024K)]

Stack: [0x0000002f6af00000,0x0000002f6b000000]
Native frames: (J=compiled Java code, j=interpreted, Vv=VM code, C=native code)
V  [jvm.dll+0x6e2349]  (no source info available)
V  [jvm.dll+0x874ed3]  (no source info available)
V  [jvm.dll+0x8772fe]  (no source info available)
V  [jvm.dll+0x8779d3]  (no source info available)
V  [jvm.dll+0x27fcb6]  (no source info available)
V  [jvm.dll+0x870b1e]  (no source info available)
V  [jvm.dll+0x6853b5]  (no source info available)
V  [jvm.dll+0x1e3e9c]  (no source info available)
V  [jvm.dll+0x1e3c6e]  (no source info available)
V  [jvm.dll+0x687d08]  (no source info available)
V  [jvm.dll+0x22509c]  (no source info available)
V  [jvm.dll+0x685dce]  (no source info available)
V  [jvm.dll+0x690068]  (no source info available)
V  [jvm.dll+0x2152f1]  (no source info available)
V  [jvm.dll+0x21577a]  (no source info available)
V  [jvm.dll+0x2161a1]  (no source info available)
V  [jvm.dll+0x20b4de]  (no source info available)
V  [jvm.dll+0x5c471f]  (no source info available)
V  [jvm.dll+0x7ec136]  (no source info available)
V  [jvm.dll+0x47cb26]  (no source info available)
V  [jvm.dll+0x4829d8]  (no source info available)
C  [java.dll+0x17e4]  (no source info available)
C  0x000001818753cfc7  (no source info available)

The last pc belongs to native method entry point (kind = native) (printed below).
Java frames: (J=compiled Java code, j=interpreted, Vv=VM code)
j  java.lang.ClassLoader.defineClass1(Ljava/lang/ClassLoader;Ljava/lang/String;[BIILjava/security/ProtectionDomain;Ljava/lang/String;)Ljava/lang/Class;+0 java.base@22
j  java.lang.ClassLoader.defineClass(Ljava/lang/String;[BIILjava/security/ProtectionDomain;)Ljava/lang/Class;+27 java.base@22
j  java.security.SecureClassLoader.defineClass(Ljava/lang/String;[BIILjava/security/CodeSource;)Ljava/lang/Class;+12 java.base@22
j  jdk.internal.loader.BuiltinClassLoader.defineClass(Ljava/lang/String;Ljdk/internal/loader/Resource;)Ljava/lang/Class;+117 java.base@22
j  jdk.internal.loader.BuiltinClassLoader.findClassOnClassPathOrNull(Ljava/lang/String;)Ljava/lang/Class;+37 java.base@22
j  jdk.internal.loader.BuiltinClassLoader.loadClassOrNull(Ljava/lang/String;Z)Ljava/lang/Class;+111 java.base@22
j  jdk.internal.loader.BuiltinClassLoader.loadClass(Ljava/lang/String;Z)Ljava/lang/Class;+3 java.base@22
j  jdk.internal.loader.ClassLoaders$AppClassLoader.loadClass(Ljava/lang/String;Z)Ljava/lang/Class;+36 java.base@22
j  java.lang.ClassLoader.loadClass(Ljava/lang/String;)Ljava/lang/Class;+3 java.base@22
v  ~StubRoutines::call_stub 0x000001818753100d
j  org.testng.TestNG.<init>()V+5
j  com.intellij.rt.testng.IDEARemoteTestNG.<init>(Ljava/lang/String;)V+1
j  com.intellij.rt.testng.RemoteTestNGStarter.main([Ljava/lang/String;)V+498
v  ~StubRoutines::call_stub 0x000001818753100d
native method entry point (kind = native)  [0x000001818753cba0, 0x000001818753d6c0]  2848 bytes
[MachCode]
  0x000001818753cba0: 488b 4b08 | 0fb7 492e | 584c 8d74 | ccf8 6800 | 0000 0068 | 0000 0000 | 5055 488b | ec41 5568 
  0x000001818753cbc0: 0000 0000 | 4c8b 6b08 | 4d8d 6d38 | 5348 8b53 | 0848 8b52 | 0848 8b52 | 1848 8b52 | 7048 8b12 
  0x000001818753cbe0: 5248 8b53 | 1048 85d2 | 0f84 0700 | 0000 4881 | c210 0100 | 0052 488b | 5308 488b | 5208 488b 
  0x000001818753cc00: 5210 5249 | 8bc6 482b | c548 c1e8 | 0350 6800 | 0000 0068 | f7ff ffff | 41c6 8781 | 0400 0001 
  0x000001818753cc20: 488b 4310 | 4885 c074 | 208b 88cc | 0000 0083 | c102 8988 | cc00 0000 | 2388 e000 | 0000 0f84 
  0x000001818753cc40: cb09 0000 | e9cf 0000 | 0048 8b43 | 1848 85c0 | 0f85 b000 | 0000 e805 | 0000 00e9 | 9900 0000 
  0x000001818753cc60: 488b d348 | 8d44 2408 | 4c89 6dc0 | 498b cfc5 | f877 4989 | afb0 0300 | 0049 8987 | a003 0000 
  0x000001818753cc80: 4883 ec20 | 40f6 c40f | 0f84 1900 | 0000 4883 | ec08 48b8 | f0a2 ba81 | f97f 0000 | ffd0 4883 
  0x000001818753cca0: c408 e90c | 0000 0048 | b8f0 a2ba | 81f9 7f00 | 00ff d048 | 83c4 2049 | c787 a003 | 0000 0000 
  0x000001818753ccc0: 0000 49c7 | 87b0 0300 | 0000 0000 | 0049 c787 | a803 0000 | 0000 0000 | c5f8 7749 | 837f 0800 
  0x000001818753cce0: 0f84 0500 | 0000 e915 | 42ff ff4c | 8b6d c04c | 8b75 c84e | 8d74 f500 | c348 8b43 | 1848 85c0 
  0x000001818753cd00: 0f84 1200 | 0000 8b48 | 0883 c102 | 8948 0823 | 481c 0f84 | f708 0000 | 493b a7f0 | 0400 000f 
  0x000001818753cd20: 8748 0000 | 0089 8424 | 00f0 ffff | 8984 2400 | e0ff ff89 | 8424 00d0 | ffff 8984 | 2400 c0ff 
  0x000001818753cd40: ff89 8424 | 00b0 ffff | 8984 2400 | a0ff ff89 | 8424 0090 | ffff 8984 | 2400 80ff | ff49 3ba7 
  0x000001818753cd60: e804 0000 | 7607 4989 | a7f0 0400 | 0041 c687 | 8104 0000 | 0049 baac | 4041 82f9 | 7f00 0041 
  0x000001818753cd80: 803a 000f | 843e 0000 | 0048 8b55 | e849 8bcf | 4883 ec20 | 40f6 c40f | 0f84 1900 | 0000 4883 
  0x000001818753cda0: ec08 48b8 | 00b6 f181 | f97f 0000 | ffd0 4883 | c408 e90c | 0000 0048 | b800 b6f1 | 81f9 7f00 
  0x000001818753cdc0: 00ff d048 | 83c4 2048 | 8b5d e84c | 8b5b 0845 | 0fb7 5b2e | 41c1 e303 | 492b e348 | 83ec 2048 
  0x000001818753cde0: 83e4 f04c | 8b5b 604d | 85db 0f85 | ab00 0000 | e805 0000 | 00e9 9900 | 0000 488b | d348 8d44 
  0x000001818753ce00: 2408 4c89 | 6dc0 498b | cfc5 f877 | 4989 afb0 | 0300 0049 | 8987 a003 | 0000 4883 | ec20 40f6 
  0x000001818753ce20: c40f 0f84 | 1900 0000 | 4883 ec08 | 48b8 10ca | ba81 f97f | 0000 ffd0 | 4883 c408 | e90c 0000 
  0x000001818753ce40: 0048 b810 | caba 81f9 | 7f00 00ff | d048 83c4 | 2049 c787 | a003 0000 | 0000 0000 | 49c7 87b0 
  0x000001818753ce60: 0300 0000 | 0000 0049 | c787 a803 | 0000 0000 | 0000 c5f8 | 7749 837f | 0800 0f84 | 0500 0000 
  0x000001818753ce80: e97b 40ff | ff4c 8b6d | c04c 8b75 | c84e 8d74 | f500 c348 | 8b5d e84c | 8b5b 6041 | ffd3 488b 
  0x000001818753cea0: 5de8 4889 | 4518 448b | 5b28 41f6 | c308 0f84 | 1b00 0000 | 4c8b 5b08 | 4d8b 5b08 | 4d8b 5b18 
  0x000001818753cec0: 4d8b 5b70 | 4d8b 1b4c | 895d 1048 | 8d55 1048 | 8b43 5849 | ba00 0df2 | 81f9 7f00 | 0049 3bc2 
  0x000001818753cee0: 0f85 ab00 | 0000 e805 | 0000 00e9 | 9900 0000 | 488b d348 | 8d44 2408 | 4c89 6dc0 | 498b cfc5 
  0x000001818753cf00: f877 4989 | afb0 0300 | 0049 8987 | a003 0000 | 4883 ec20 | 40f6 c40f | 0f84 1900 | 0000 4883 
  0x000001818753cf20: ec08 48b8 | 10ca ba81 | f97f 0000 | ffd0 4883 | c408 e90c | 0000 0048 | b810 caba | 81f9 7f00 
  0x000001818753cf40: 00ff d048 | 83c4 2049 | c787 a003 | 0000 0000 | 0000 49c7 | 87b0 0300 | 0000 0000 | 0049 c787 
  0x000001818753cf60: a803 0000 | 0000 0000 | c5f8 7749 | 837f 0800 | 0f84 0500 | 0000 e985 | 3fff ff4c | 8b6d c04c 
  0x000001818753cf80: 8b75 c84e | 8d74 f500 | c348 8b5d | e848 8b43 | 5849 8d8f | c003 0000 | c5f8 7749 | 89af b003 
  0x000001818753cfa0: 0000 49ba | 98cf 5387 | 8101 0000 | 4d89 97a8 | 0300 0049 | 89a7 a003 | 0000 41c7 | 8754 0400 
  0x000001818753cfc0: 0004 0000 | 00ff d0c5 | f877 4883 | ec10 c5fb | 1104 2448 | 83ec 1048 | 8904 2448 | c744 2408 
  0x000001818753cfe0: 0000 0000 | 41c7 8754 | 0400 0005 | 0000 00f0 | 8344 24c0 | 0049 3baf | 5804 0000 | 0f87 0e00 
  0x000001818753d000: 0000 4183 | bf50 0400 | 0000 0f84 | 2000 0000 | 498b cf4c | 8be4 4883 | ec20 4883 | e4f0 48b8 
  0x000001818753d020: c01f bc81 | f97f 0000 | ffd0 498b | e44d 33e4 | 41c7 8754 | 0400 0008 | 0000 0049 | c787 a003 
  0x000001818753d040: 0000 0000 | 0000 49c7 | 87b0 0300 | 0000 0000 | 0049 c787 | a803 0000 | 0000 0000 | c5f8 774d 
  0x000001818753d060: 8b9f 3004 | 0000 41c7 | 8300 0100 | 0000 0000 | 0049 bb1a | a553 8781 | 0100 004c | 3b5d 180f 
  0x000001818753d080: 8524 0200 | 0048 8b04 | 2448 83c4 | 1048 85c0 | 0f84 fe01 | 0000 a803 | 0f85 0800 | 0000 488b 
  0x000001818753d0a0: 00e9 ee01 | 0000 a801 | 0f85 0900 | 0000 488b | 40fe e9dd | 0100 0048 | 8b40 ff41 | 807f 3800 
  0x000001818753d0c0: 0f84 ce01 | 0000 4883 | f800 0f84 | c401 0000 | 4d8b 5f28 | 4983 fb00 | 0f84 1400 | 0000 4983 
  0x000001818753d0e0: eb08 4d89 | 5f28 4d03 | 5f30 4989 | 03e9 a201 | 0000 4881 | ecd0 0000 | 0048 8904 | 2448 894c 
  0x000001818753d100: 2408 4889 | 5424 1048 | 8974 2418 | 4889 7c24 | 204c 8944 | 2428 4c89 | 4c24 304c | 8954 2438 
  0x000001818753d120: 4c89 5c24 | 40c5 fb11 | 4424 50c5 | fb11 4c24 | 58c5 fb11 | 5424 60c5 | fb11 5c24 | 68c5 fb11 
  0x000001818753d140: 6424 70c5 | fb11 6c24 | 78c5 fb11 | b424 8000 | 0000 c5fb | 11bc 2488 | 0000 00c5 | 7b11 8424 
  0x000001818753d160: 9000 0000 | c57b 118c | 2498 0000 | 00c5 7b11 | 9424 a000 | 0000 c57b | 119c 24a8 | 0000 00c5 
  0x000001818753d180: 7b11 a424 | b000 0000 | c57b 11ac | 24b8 0000 | 00c5 7b11 | b424 c000 | 0000 c57b | 11bc 24c8 
  0x000001818753d1a0: 0000 0049 | 8bd7 488b | c848 83ec | 2040 f6c4 | 0f0f 8419 | 0000 0048 | 83ec 0848 | b830 3eaf 
  0x000001818753d1c0: 81f9 7f00 | 00ff d048 | 83c4 08e9 | 0c00 0000 | 48b8 303e | af81 f97f | 0000 ffd0 | 4883 c420 
  0x000001818753d1e0: c57b 10bc | 24c8 0000 | 00c5 7b10 | b424 c000 | 0000 c57b | 10ac 24b8 | 0000 00c5 | 7b10 a424 
  0x000001818753d200: b000 0000 | c57b 109c | 24a8 0000 | 00c5 7b10 | 9424 a000 | 0000 c57b | 108c 2498 | 0000 00c5 
  0x000001818753d220: 7b10 8424 | 9000 0000 | c5fb 10bc | 2488 0000 | 00c5 fb10 | b424 8000 | 0000 c5fb | 106c 2478 
  0x000001818753d240: c5fb 1064 | 2470 c5fb | 105c 2468 | c5fb 1054 | 2460 c5fb | 104c 2458 | c5fb 1044 | 2450 4c8b 
  0x000001818753d260: 5c24 404c | 8b54 2438 | 4c8b 4c24 | 304c 8b44 | 2428 488b | 7c24 2048 | 8b74 2418 | 488b 5424 
  0x000001818753d280: 1048 8b4c | 2408 488b | 0424 4881 | c4d0 0000 | 00c5 f877 | 4889 4510 | 4883 ec10 | 4889 0424 
  0x000001818753d2a0: 48c7 4424 | 0800 0000 | 0041 83bf | d004 0000 | 020f 85bf | 0000 0048 | 81ec 8000 | 0000 4889 
  0x000001818753d2c0: 4424 7848 | 894c 2470 | 4889 5424 | 6848 895c | 2460 4889 | 6c24 5048 | 8974 2448 | 4889 7c24 
  0x000001818753d2e0: 404c 8944 | 2438 4c89 | 4c24 304c | 8954 2428 | 4c89 5c24 | 204c 8964 | 2418 4c89 | 6c24 104c 
  0x000001818753d300: 8974 2408 | 4c89 3c24 | 4c8b e448 | 83ec 2048 | 83e4 f048 | b850 eef1 | 81f9 7f00 | 00ff d049 
  0x000001818753d320: 8be4 4c8b | 3c24 4c8b | 7424 084c | 8b6c 2410 | 4c8b 6424 | 184c 8b5c | 2420 4c8b | 5424 284c 
  0x000001818753d340: 8b4c 2430 | 4c8b 4424 | 3848 8b7c | 2440 488b | 7424 4848 | 8b6c 2450 | 488b 5c24 | 6048 8b54 
  0x000001818753d360: 2468 488b | 4c24 7048 | 8b44 2478 | 4881 c480 | 0000 004d | 33e4 488b | 5de8 4c8b | 6b08 4d8d 
  0x000001818753d380: 6d38 4983 | 7f08 000f | 84bb 0000 | 00e8 0500 | 0000 e996 | 0000 0048 | 8d44 2408 | 4c89 6dc0 
  0x000001818753d3a0: 498b cfc5 | f877 4989 | afb0 0300 | 0049 8987 | a003 0000 | 4883 ec20 | 40f6 c40f | 0f84 1900 
  0x000001818753d3c0: 0000 4883 | ec08 48b8 | 50e8 ba81 | f97f 0000 | ffd0 4883 | c408 e90c | 0000 0048 | b850 e8ba 
  0x000001818753d3e0: 81f9 7f00 | 00ff d048 | 83c4 2049 | c787 a003 | 0000 0000 | 0000 49c7 | 87b0 0300 | 0000 0000 
  0x000001818753d400: 0049 c787 | a803 0000 | 0000 0000 | c5f8 7749 | 837f 0800 | 0f84 0500 | 0000 e9e1 | 3aff ff4c 
  0x000001818753d420: 8b6d c04c | 8b75 c84e | 8d74 f500 | c348 b9d0 | 2819 82f9 | 7f00 0048 | 83e4 f048 | b890 95e0 
  0x000001818753d440: 81f9 7f00 | 00ff d0f4 | 448b 5b28 | 41f6 c320 | 0f84 4401 | 0000 488d | 55a8 4c8b | 5a08 4d85 
  0x000001818753d460: db0f 85bb | 0000 00e8 | 0500 0000 | e996 0000 | 0048 8d44 | 2408 4c89 | 6dc0 498b | cfc5 f877 
  0x000001818753d480: 4989 afb0 | 0300 0049 | 8987 a003 | 0000 4883 | ec20 40f6 | c40f 0f84 | 1900 0000 | 4883 ec08 
  0x000001818753d4a0: 48b8 80e7 | ba81 f97f | 0000 ffd0 | 4883 c408 | e90c 0000 | 0048 b880 | e7ba 81f9 | 7f00 00ff 
  0x000001818753d4c0: d048 83c4 | 2049 c787 | a003 0000 | 0000 0000 | 49c7 87b0 | 0300 0000 | 0000 0049 | c787 a803 
  0x000001818753d4e0: 0000 0000 | 0000 c5f8 | 7749 837f | 0800 0f84 | 0500 0000 | e907 3aff | ff4c 8b6d | c04c 8b75 
  0x000001818753d500: c84e 8d74 | f500 c348 | b9d0 2819 | 82f9 7f00 | 0048 83e4 | f048 b890 | 95e0 81f9 | 7f00 00ff 
  0x000001818753d520: d0f4 4c89 | 6dc0 488d | 024c 8b4a | 0848 c742 | 0800 0000 | 004c 8b00 | 4d85 c00f | 840b 0000 
  0x000001818753d540: 00f0 4d0f | b101 0f85 | 0c00 0000 | 49ff 8f58 | 0500 00e9 | 3e00 0000 | 4c89 4a08 | 488b ca48 
  0x000001818753d560: 83ec 2040 | f6c4 0f0f | 8419 0000 | 0048 83ec | 0848 b810 | baba 81f9 | 7f00 00ff | d048 83c4 
  0x000001818753d580: 08e9 0c00 | 0000 48b8 | 10ba ba81 | f97f 0000 | ffd0 4883 | c420 4c8b | 6dc0 49ba | ac40 4182 
  0x000001818753d5a0: f97f 0000 | 4180 3a00 | 0f84 3e00 | 0000 488b | 55e8 498b | cf48 83ec | 2040 f6c4 | 0f0f 8419 
  0x000001818753d5c0: 0000 0048 | 83ec 0848 | b800 b6f1 | 81f9 7f00 | 00ff d048 | 83c4 08e9 | 0c00 0000 | 48b8 00b6 
  0x000001818753d5e0: f181 f97f | 0000 ffd0 | 4883 c420 | 488b 0424 | 4883 c410 | c5fb 1004 | 2448 83c4 | 104c 8b5d 
  0x000001818753d600: 1841 ffd3 | 4c8b 5df8 | c95f 498b | e3ff e7ba | 0000 0000 | e805 0000 | 00e9 9600 | 0000 488d 
  0x000001818753d620: 4424 084c | 896d c049 | 8bcf c5f8 | 7749 89af | b003 0000 | 4989 87a0 | 0300 0048 | 83ec 2040 
  0x000001818753d640: f6c4 0f0f | 8419 0000 | 0048 83ec | 0848 b8d0 | adba 81f9 | 7f00 00ff | d048 83c4 | 08e9 0c00 
  0x000001818753d660: 0000 48b8 | d0ad ba81 | f97f 0000 | ffd0 4883 | c420 49c7 | 87a0 0300 | 0000 0000 | 0049 c787 
  0x000001818753d680: b003 0000 | 0000 0000 | 49c7 87a8 | 0300 0000 | 0000 00c5 | f877 4983 | 7f08 000f | 8405 0000 
  0x000001818753d6a0: 00e9 5a38 | ffff 4c8b | 6dc0 4c8b | 75c8 4e8d | 74f5 00c3 | 488b 5de8 | e95b f6ff | ff66 6690 
[/MachCode]

---------------  P R O C E S S  ---------------

Threads class SMR info:
_java_thread_list=0x00000181d4371400, length=13, elements={
0x00000181ed18cb60, 0x00000181ff318490, 0x00000181ff31a2b0, 0x00000181ff31e330,
0x00000181ff31f1c0, 0x00000181ff3203c0, 0x00000181ff323930, 0x00000181ff32c140,
0x00000181ff32dfb0, 0x00000181d4235c70, 0x00000181d4236300, 0x00000181d4234f50,
0x00000181d44952f0
}

Java Threads: ( => current thread )
=>0x00000181ed18cb60 JavaThread "main"                              [_thread_in_vm, id=4668, stack(0x0000002f6af00000,0x0000002f6b000000) (1024K)]
  0x00000181ff318490 JavaThread "Reference Handler"          daemon [_thread_blocked, id=8196, stack(0x0000002f6b700000,0x0000002f6b800000) (1024K)]
  0x00000181ff31a2b0 JavaThread "Finalizer"                  daemon [_thread_blocked, id=7220, stack(0x0000002f6b800000,0x0000002f6b900000) (1024K)]
  0x00000181ff31e330 JavaThread "Signal Dispatcher"          daemon [_thread_blocked, id=12612, stack(0x0000002f6b900000,0x0000002f6ba00000) (1024K)]
  0x00000181ff31f1c0 JavaThread "Attach Listener"            daemon [_thread_blocked, id=516, stack(0x0000002f6ba00000,0x0000002f6bb00000) (1024K)]
  0x00000181ff3203c0 JavaThread "Service Thread"             daemon [_thread_blocked, id=9060, stack(0x0000002f6bb00000,0x0000002f6bc00000) (1024K)]
  0x00000181ff323930 JavaThread "Monitor Deflation Thread"   daemon [_thread_blocked, id=13804, stack(0x0000002f6bc00000,0x0000002f6bd00000) (1024K)]
  0x00000181ff32c140 JavaThread "C2 CompilerThread0"         daemon [_thread_blocked, id=9700, stack(0x0000002f6bd00000,0x0000002f6be00000) (1024K)]
  0x00000181ff32dfb0 JavaThread "C1 CompilerThread0"         daemon [_thread_blocked, id=512, stack(0x0000002f6be00000,0x0000002f6bf00000) (1024K)]
  0x00000181d4235c70 JavaThread "Common-Cleaner"             daemon [_thread_blocked, id=7676, stack(0x0000002f6bf00000,0x0000002f6c000000) (1024K)]
  0x00000181d4236300 JavaThread "Monitor Ctrl-Break"         daemon [_thread_in_native, id=14184, stack(0x0000002f6c000000,0x0000002f6c100000) (1024K)]
  0x00000181d4234f50 JavaThread "Notification Thread"        daemon [_thread_blocked, id=10392, stack(0x0000002f6c100000,0x0000002f6c200000) (1024K)]
  0x00000181d44952f0 JavaThread "C2 CompilerThread1"         daemon [_thread_blocked, id=12292, stack(0x0000002f6c200000,0x0000002f6c300000) (1024K)]
Total: 13

Other Threads:
  0x00000181ff2f6d10 VMThread "VM Thread"                           [id=4132, stack(0x0000002f6b600000,0x0000002f6b700000) (1024K)]
  0x00000181ff2dc030 WatcherThread "VM Periodic Task Thread"        [id=10432, stack(0x0000002f6b500000,0x0000002f6b600000) (1024K)]
  0x00000181ef310e50 WorkerThread "GC Thread#0"                     [id=9072, stack(0x0000002f6b000000,0x0000002f6b100000) (1024K)]
  0x00000181ef321d90 ConcurrentGCThread "G1 Main Marker"            [id=13640, stack(0x0000002f6b100000,0x0000002f6b200000) (1024K)]
  0x00000181ef322f50 WorkerThread "G1 Conc#0"                       [id=4540, stack(0x0000002f6b200000,0x0000002f6b300000) (1024K)]
  0x00000181ff19f560 ConcurrentGCThread "G1 Refine#0"               [id=13656, stack(0x0000002f6b300000,0x0000002f6b400000) (1024K)]
  0x00000181ff1a0f00 ConcurrentGCThread "G1 Service"                [id=10372, stack(0x0000002f6b400000,0x0000002f6b500000) (1024K)]
Total: 7

Threads with active compile tasks:
Total: 0

VM state: not at safepoint (normal execution)

VM Mutex/Monitor currently owned by a thread:  ([mutex/lock_event])
[0x00007ff98243ab48] Metaspace_lock - owner thread: 0x00000181ed18cb60

Heap address: 0x0000000701600000, size: 4074 MB, Compressed Oops mode: Zero based, Oop shift amount: 3

CDS archive(s) mapped at: [0x000001818f000000-0x000001818fc50000-0x000001818fc50000), size 12910592, SharedBaseAddress: 0x000001818f000000, ArchiveRelocationMode: 1.
Compressed class space mapped at: 0x0000018190000000-0x00000181d0000000, reserved size: 1073741824
Narrow klass base: 0x000001818f000000, Narrow klass shift: 0, Narrow klass range: 0x41000000

GC Precious Log:
 CardTable entry size: 512
 Card Set container configuration: InlinePtr #cards 4 size 8 Array Of Cards #cards 16 size 48 Howl #buckets 8 coarsen threshold 3686 Howl Bitmap #cards 512 size 80 coarsen threshold 460 Card regions per heap region 1 cards per card region 4096
 CPUs: 8 total, 8 available
 Memory: 16289M
 Large Page Support: Disabled
 NUMA Support: Disabled
 Compressed Oops: Enabled (Zero based)
 Heap Region Size: 2M
 Heap Min Capacity: 8M
 Heap Initial Capacity: 256M
 Heap Max Capacity: 4074M
 Pre-touch: Disabled
 Parallel Workers: 8
 Concurrent Workers: 2
 Concurrent Refinement Workers: 8
 Periodic GC: Disabled

Heap:
 garbage-first heap   total reserved 4171776K, committed 262144K, used 6144K [0x0000000701600000, 0x0000000800000000)
  region size 2048K, 4 young (8192K), 0 survivors (0K)
 Metaspace       used 1243K, committed 1344K, reserved 1114112K
  class space    used 108K, committed 192K, reserved 1048576K

Heap Regions: E=young(eden), S=young(survivor), O=old, HS=humongous(starts), HC=humongous(continues), CS=collection set, F=free, TAMS=top-at-mark-start, PB=parsable bottom
|   0|0x0000000701600000, 0x0000000701600000, 0x0000000701800000|  0%| F|  |TAMS 0x0000000701600000| PB 0x0000000701600000| Untracked |  0
|   1|0x0000000701800000, 0x0000000701800000, 0x0000000701a00000|  0%| F|  |TAMS 0x0000000701800000| PB 0x0000000701800000| Untracked |  0
|   2|0x0000000701a00000, 0x0000000701a00000, 0x0000000701c00000|  0%| F|  |TAMS 0x0000000701a00000| PB 0x0000000701a00000| Untracked |  0
|   3|0x0000000701c00000, 0x0000000701c00000, 0x0000000701e00000|  0%| F|  |TAMS 0x0000000701c00000| PB 0x0000000701c00000| Untracked |  0
|   4|0x0000000701e00000, 0x0000000701e00000, 0x0000000702000000|  0%| F|  |TAMS 0x0000000701e00000| PB 0x0000000701e00000| Untracked |  0
|   5|0x0000000702000000, 0x0000000702000000, 0x0000000702200000|  0%| F|  |TAMS 0x0000000702000000| PB 0x0000000702000000| Untracked |  0
|   6|0x0000000702200000, 0x0000000702200000, 0x0000000702400000|  0%| F|  |TAMS 0x0000000702200000| PB 0x0000000702200000| Untracked |  0
|   7|0x0000000702400000, 0x0000000702400000, 0x0000000702600000|  0%| F|  |TAMS 0x0000000702400000| PB 0x0000000702400000| Untracked |  0
|   8|0x0000000702600000, 0x0000000702600000, 0x0000000702800000|  0%| F|  |TAMS 0x0000000702600000| PB 0x0000000702600000| Untracked |  0
|   9|0x0000000702800000, 0x0000000702800000, 0x0000000702a00000|  0%| F|  |TAMS 0x0000000702800000| PB 0x0000000702800000| Untracked |  0
|  10|0x0000000702a00000, 0x0000000702a00000, 0x0000000702c00000|  0%| F|  |TAMS 0x0000000702a00000| PB 0x0000000702a00000| Untracked |  0
|  11|0x0000000702c00000, 0x0000000702c00000, 0x0000000702e00000|  0%| F|  |TAMS 0x0000000702c00000| PB 0x0000000702c00000| Untracked |  0
|  12|0x0000000702e00000, 0x0000000702e00000, 0x0000000703000000|  0%| F|  |TAMS 0x0000000702e00000| PB 0x0000000702e00000| Untracked |  0
|  13|0x0000000703000000, 0x0000000703000000, 0x0000000703200000|  0%| F|  |TAMS 0x0000000703000000| PB 0x0000000703000000| Untracked |  0
|  14|0x0000000703200000, 0x0000000703200000, 0x0000000703400000|  0%| F|  |TAMS 0x0000000703200000| PB 0x0000000703200000| Untracked |  0
|  15|0x0000000703400000, 0x0000000703400000, 0x0000000703600000|  0%| F|  |TAMS 0x0000000703400000| PB 0x0000000703400000| Untracked |  0
|  16|0x0000000703600000, 0x0000000703600000, 0x0000000703800000|  0%| F|  |TAMS 0x0000000703600000| PB 0x0000000703600000| Untracked |  0
|  17|0x0000000703800000, 0x0000000703800000, 0x0000000703a00000|  0%| F|  |TAMS 0x0000000703800000| PB 0x0000000703800000| Untracked |  0
|  18|0x0000000703a00000, 0x0000000703a00000, 0x0000000703c00000|  0%| F|  |TAMS 0x0000000703a00000| PB 0x0000000703a00000| Untracked |  0
|  19|0x0000000703c00000, 0x0000000703c00000, 0x0000000703e00000|  0%| F|  |TAMS 0x0000000703c00000| PB 0x0000000703c00000| Untracked |  0
|  20|0x0000000703e00000, 0x0000000703e00000, 0x0000000704000000|  0%| F|  |TAMS 0x0000000703e00000| PB 0x0000000703e00000| Untracked |  0
|  21|0x0000000704000000, 0x0000000704000000, 0x0000000704200000|  0%| F|  |TAMS 0x0000000704000000| PB 0x0000000704000000| Untracked |  0
|  22|0x0000000704200000, 0x0000000704200000, 0x0000000704400000|  0%| F|  |TAMS 0x0000000704200000| PB 0x0000000704200000| Untracked |  0
|  23|0x0000000704400000, 0x0000000704400000, 0x0000000704600000|  0%| F|  |TAMS 0x0000000704400000| PB 0x0000000704400000| Untracked |  0
|  24|0x0000000704600000, 0x0000000704600000, 0x0000000704800000|  0%| F|  |TAMS 0x0000000704600000| PB 0x0000000704600000| Untracked |  0
|  25|0x0000000704800000, 0x0000000704800000, 0x0000000704a00000|  0%| F|  |TAMS 0x0000000704800000| PB 0x0000000704800000| Untracked |  0
|  26|0x0000000704a00000, 0x0000000704a00000, 0x0000000704c00000|  0%| F|  |TAMS 0x0000000704a00000| PB 0x0000000704a00000| Untracked |  0
|  27|0x0000000704c00000, 0x0000000704c00000, 0x0000000704e00000|  0%| F|  |TAMS 0x0000000704c00000| PB 0x0000000704c00000| Untracked |  0
|  28|0x0000000704e00000, 0x0000000704e00000, 0x0000000705000000|  0%| F|  |TAMS 0x0000000704e00000| PB 0x0000000704e00000| Untracked |  0
|  29|0x0000000705000000, 0x0000000705000000, 0x0000000705200000|  0%| F|  |TAMS 0x0000000705000000| PB 0x0000000705000000| Untracked |  0
|  30|0x0000000705200000, 0x0000000705200000, 0x0000000705400000|  0%| F|  |TAMS 0x0000000705200000| PB 0x0000000705200000| Untracked |  0
|  31|0x0000000705400000, 0x0000000705400000, 0x0000000705600000|  0%| F|  |TAMS 0x0000000705400000| PB 0x0000000705400000| Untracked |  0
|  32|0x0000000705600000, 0x0000000705600000, 0x0000000705800000|  0%| F|  |TAMS 0x0000000705600000| PB 0x0000000705600000| Untracked |  0
|  33|0x0000000705800000, 0x0000000705800000, 0x0000000705a00000|  0%| F|  |TAMS 0x0000000705800000| PB 0x0000000705800000| Untracked |  0
|  34|0x0000000705a00000, 0x0000000705a00000, 0x0000000705c00000|  0%| F|  |TAMS 0x0000000705a00000| PB 0x0000000705a00000| Untracked |  0
|  35|0x0000000705c00000, 0x0000000705c00000, 0x0000000705e00000|  0%| F|  |TAMS 0x0000000705c00000| PB 0x0000000705c00000| Untracked |  0
|  36|0x0000000705e00000, 0x0000000705e00000, 0x0000000706000000|  0%| F|  |TAMS 0x0000000705e00000| PB 0x0000000705e00000| Untracked |  0
|  37|0x0000000706000000, 0x0000000706000000, 0x0000000706200000|  0%| F|  |TAMS 0x0000000706000000| PB 0x0000000706000000| Untracked |  0
|  38|0x0000000706200000, 0x0000000706200000, 0x0000000706400000|  0%| F|  |TAMS 0x0000000706200000| PB 0x0000000706200000| Untracked |  0
|  39|0x0000000706400000, 0x0000000706400000, 0x0000000706600000|  0%| F|  |TAMS 0x0000000706400000| PB 0x0000000706400000| Untracked |  0
|  40|0x0000000706600000, 0x0000000706600000, 0x0000000706800000|  0%| F|  |TAMS 0x0000000706600000| PB 0x0000000706600000| Untracked |  0
|  41|0x0000000706800000, 0x0000000706800000, 0x0000000706a00000|  0%| F|  |TAMS 0x0000000706800000| PB 0x0000000706800000| Untracked |  0
|  42|0x0000000706a00000, 0x0000000706a00000, 0x0000000706c00000|  0%| F|  |TAMS 0x0000000706a00000| PB 0x0000000706a00000| Untracked |  0
|  43|0x0000000706c00000, 0x0000000706c00000, 0x0000000706e00000|  0%| F|  |TAMS 0x0000000706c00000| PB 0x0000000706c00000| Untracked |  0
|  44|0x0000000706e00000, 0x0000000706e00000, 0x0000000707000000|  0%| F|  |TAMS 0x0000000706e00000| PB 0x0000000706e00000| Untracked |  0
|  45|0x0000000707000000, 0x0000000707000000, 0x0000000707200000|  0%| F|  |TAMS 0x0000000707000000| PB 0x0000000707000000| Untracked |  0
|  46|0x0000000707200000, 0x0000000707200000, 0x0000000707400000|  0%| F|  |TAMS 0x0000000707200000| PB 0x0000000707200000| Untracked |  0
|  47|0x0000000707400000, 0x0000000707400000, 0x0000000707600000|  0%| F|  |TAMS 0x0000000707400000| PB 0x0000000707400000| Untracked |  0
|  48|0x0000000707600000, 0x0000000707600000, 0x0000000707800000|  0%| F|  |TAMS 0x0000000707600000| PB 0x0000000707600000| Untracked |  0
|  49|0x0000000707800000, 0x0000000707800000, 0x0000000707a00000|  0%| F|  |TAMS 0x0000000707800000| PB 0x0000000707800000| Untracked |  0
|  50|0x0000000707a00000, 0x0000000707a00000, 0x0000000707c00000|  0%| F|  |TAMS 0x0000000707a00000| PB 0x0000000707a00000| Untracked |  0
|  51|0x0000000707c00000, 0x0000000707c00000, 0x0000000707e00000|  0%| F|  |TAMS 0x0000000707c00000| PB 0x0000000707c00000| Untracked |  0
|  52|0x0000000707e00000, 0x0000000707e00000, 0x0000000708000000|  0%| F|  |TAMS 0x0000000707e00000| PB 0x0000000707e00000| Untracked |  0
|  53|0x0000000708000000, 0x0000000708000000, 0x0000000708200000|  0%| F|  |TAMS 0x0000000708000000| PB 0x0000000708000000| Untracked |  0
|  54|0x0000000708200000, 0x0000000708200000, 0x0000000708400000|  0%| F|  |TAMS 0x0000000708200000| PB 0x0000000708200000| Untracked |  0
|  55|0x0000000708400000, 0x0000000708400000, 0x0000000708600000|  0%| F|  |TAMS 0x0000000708400000| PB 0x0000000708400000| Untracked |  0
|  56|0x0000000708600000, 0x0000000708600000, 0x0000000708800000|  0%| F|  |TAMS 0x0000000708600000| PB 0x0000000708600000| Untracked |  0
|  57|0x0000000708800000, 0x0000000708800000, 0x0000000708a00000|  0%| F|  |TAMS 0x0000000708800000| PB 0x0000000708800000| Untracked |  0
|  58|0x0000000708a00000, 0x0000000708a00000, 0x0000000708c00000|  0%| F|  |TAMS 0x0000000708a00000| PB 0x0000000708a00000| Untracked |  0
|  59|0x0000000708c00000, 0x0000000708c00000, 0x0000000708e00000|  0%| F|  |TAMS 0x0000000708c00000| PB 0x0000000708c00000| Untracked |  0
|  60|0x0000000708e00000, 0x0000000708e00000, 0x0000000709000000|  0%| F|  |TAMS 0x0000000708e00000| PB 0x0000000708e00000| Untracked |  0
|  61|0x0000000709000000, 0x0000000709000000, 0x0000000709200000|  0%| F|  |TAMS 0x0000000709000000| PB 0x0000000709000000| Untracked |  0
|  62|0x0000000709200000, 0x0000000709200000, 0x0000000709400000|  0%| F|  |TAMS 0x0000000709200000| PB 0x0000000709200000| Untracked |  0
|  63|0x0000000709400000, 0x0000000709400000, 0x0000000709600000|  0%| F|  |TAMS 0x0000000709400000| PB 0x0000000709400000| Untracked |  0
|  64|0x0000000709600000, 0x0000000709600000, 0x0000000709800000|  0%| F|  |TAMS 0x0000000709600000| PB 0x0000000709600000| Untracked |  0
|  65|0x0000000709800000, 0x0000000709800000, 0x0000000709a00000|  0%| F|  |TAMS 0x0000000709800000| PB 0x0000000709800000| Untracked |  0
|  66|0x0000000709a00000, 0x0000000709a00000, 0x0000000709c00000|  0%| F|  |TAMS 0x0000000709a00000| PB 0x0000000709a00000| Untracked |  0
|  67|0x0000000709c00000, 0x0000000709c00000, 0x0000000709e00000|  0%| F|  |TAMS 0x0000000709c00000| PB 0x0000000709c00000| Untracked |  0
|  68|0x0000000709e00000, 0x0000000709e00000, 0x000000070a000000|  0%| F|  |TAMS 0x0000000709e00000| PB 0x0000000709e00000| Untracked |  0
|  69|0x000000070a000000, 0x000000070a000000, 0x000000070a200000|  0%| F|  |TAMS 0x000000070a000000| PB 0x000000070a000000| Untracked |  0
|  70|0x000000070a200000, 0x000000070a200000, 0x000000070a400000|  0%| F|  |TAMS 0x000000070a200000| PB 0x000000070a200000| Untracked |  0
|  71|0x000000070a400000, 0x000000070a400000, 0x000000070a600000|  0%| F|  |TAMS 0x000000070a400000| PB 0x000000070a400000| Untracked |  0
|  72|0x000000070a600000, 0x000000070a600000, 0x000000070a800000|  0%| F|  |TAMS 0x000000070a600000| PB 0x000000070a600000| Untracked |  0
|  73|0x000000070a800000, 0x000000070a800000, 0x000000070aa00000|  0%| F|  |TAMS 0x000000070a800000| PB 0x000000070a800000| Untracked |  0
|  74|0x000000070aa00000, 0x000000070aa00000, 0x000000070ac00000|  0%| F|  |TAMS 0x000000070aa00000| PB 0x000000070aa00000| Untracked |  0
|  75|0x000000070ac00000, 0x000000070ac00000, 0x000000070ae00000|  0%| F|  |TAMS 0x000000070ac00000| PB 0x000000070ac00000| Untracked |  0
|  76|0x000000070ae00000, 0x000000070ae00000, 0x000000070b000000|  0%| F|  |TAMS 0x000000070ae00000| PB 0x000000070ae00000| Untracked |  0
|  77|0x000000070b000000, 0x000000070b000000, 0x000000070b200000|  0%| F|  |TAMS 0x000000070b000000| PB 0x000000070b000000| Untracked |  0
|  78|0x000000070b200000, 0x000000070b200000, 0x000000070b400000|  0%| F|  |TAMS 0x000000070b200000| PB 0x000000070b200000| Untracked |  0
|  79|0x000000070b400000, 0x000000070b400000, 0x000000070b600000|  0%| F|  |TAMS 0x000000070b400000| PB 0x000000070b400000| Untracked |  0
|  80|0x000000070b600000, 0x000000070b600000, 0x000000070b800000|  0%| F|  |TAMS 0x000000070b600000| PB 0x000000070b600000| Untracked |  0
|  81|0x000000070b800000, 0x000000070b800000, 0x000000070ba00000|  0%| F|  |TAMS 0x000000070b800000| PB 0x000000070b800000| Untracked |  0
|  82|0x000000070ba00000, 0x000000070ba00000, 0x000000070bc00000|  0%| F|  |TAMS 0x000000070ba00000| PB 0x000000070ba00000| Untracked |  0
|  83|0x000000070bc00000, 0x000000070bc00000, 0x000000070be00000|  0%| F|  |TAMS 0x000000070bc00000| PB 0x000000070bc00000| Untracked |  0
|  84|0x000000070be00000, 0x000000070be00000, 0x000000070c000000|  0%| F|  |TAMS 0x000000070be00000| PB 0x000000070be00000| Untracked |  0
|  85|0x000000070c000000, 0x000000070c000000, 0x000000070c200000|  0%| F|  |TAMS 0x000000070c000000| PB 0x000000070c000000| Untracked |  0
|  86|0x000000070c200000, 0x000000070c200000, 0x000000070c400000|  0%| F|  |TAMS 0x000000070c200000| PB 0x000000070c200000| Untracked |  0
|  87|0x000000070c400000, 0x000000070c400000, 0x000000070c600000|  0%| F|  |TAMS 0x000000070c400000| PB 0x000000070c400000| Untracked |  0
|  88|0x000000070c600000, 0x000000070c600000, 0x000000070c800000|  0%| F|  |TAMS 0x000000070c600000| PB 0x000000070c600000| Untracked |  0
|  89|0x000000070c800000, 0x000000070c800000, 0x000000070ca00000|  0%| F|  |TAMS 0x000000070c800000| PB 0x000000070c800000| Untracked |  0
|  90|0x000000070ca00000, 0x000000070ca00000, 0x000000070cc00000|  0%| F|  |TAMS 0x000000070ca00000| PB 0x000000070ca00000| Untracked |  0
|  91|0x000000070cc00000, 0x000000070cc00000, 0x000000070ce00000|  0%| F|  |TAMS 0x000000070cc00000| PB 0x000000070cc00000| Untracked |  0
|  92|0x000000070ce00000, 0x000000070ce00000, 0x000000070d000000|  0%| F|  |TAMS 0x000000070ce00000| PB 0x000000070ce00000| Untracked |  0
|  93|0x000000070d000000, 0x000000070d000000, 0x000000070d200000|  0%| F|  |TAMS 0x000000070d000000| PB 0x000000070d000000| Untracked |  0
|  94|0x000000070d200000, 0x000000070d200000, 0x000000070d400000|  0%| F|  |TAMS 0x000000070d200000| PB 0x000000070d200000| Untracked |  0
|  95|0x000000070d400000, 0x000000070d400000, 0x000000070d600000|  0%| F|  |TAMS 0x000000070d400000| PB 0x000000070d400000| Untracked |  0
|  96|0x000000070d600000, 0x000000070d600000, 0x000000070d800000|  0%| F|  |TAMS 0x000000070d600000| PB 0x000000070d600000| Untracked |  0
|  97|0x000000070d800000, 0x000000070d800000, 0x000000070da00000|  0%| F|  |TAMS 0x000000070d800000| PB 0x000000070d800000| Untracked |  0
|  98|0x000000070da00000, 0x000000070da00000, 0x000000070dc00000|  0%| F|  |TAMS 0x000000070da00000| PB 0x000000070da00000| Untracked |  0
|  99|0x000000070dc00000, 0x000000070dc00000, 0x000000070de00000|  0%| F|  |TAMS 0x000000070dc00000| PB 0x000000070dc00000| Untracked |  0
| 100|0x000000070de00000, 0x000000070de00000, 0x000000070e000000|  0%| F|  |TAMS 0x000000070de00000| PB 0x000000070de00000| Untracked |  0
| 101|0x000000070e000000, 0x000000070e000000, 0x000000070e200000|  0%| F|  |TAMS 0x000000070e000000| PB 0x000000070e000000| Untracked |  0
| 102|0x000000070e200000, 0x000000070e200000, 0x000000070e400000|  0%| F|  |TAMS 0x000000070e200000| PB 0x000000070e200000| Untracked |  0
| 103|0x000000070e400000, 0x000000070e400000, 0x000000070e600000|  0%| F|  |TAMS 0x000000070e400000| PB 0x000000070e400000| Untracked |  0
| 104|0x000000070e600000, 0x000000070e600000, 0x000000070e800000|  0%| F|  |TAMS 0x000000070e600000| PB 0x000000070e600000| Untracked |  0
| 105|0x000000070e800000, 0x000000070e800000, 0x000000070ea00000|  0%| F|  |TAMS 0x000000070e800000| PB 0x000000070e800000| Untracked |  0
| 106|0x000000070ea00000, 0x000000070ea00000, 0x000000070ec00000|  0%| F|  |TAMS 0x000000070ea00000| PB 0x000000070ea00000| Untracked |  0
| 107|0x000000070ec00000, 0x000000070ec00000, 0x000000070ee00000|  0%| F|  |TAMS 0x000000070ec00000| PB 0x000000070ec00000| Untracked |  0
| 108|0x000000070ee00000, 0x000000070ee00000, 0x000000070f000000|  0%| F|  |TAMS 0x000000070ee00000| PB 0x000000070ee00000| Untracked |  0
| 109|0x000000070f000000, 0x000000070f000000, 0x000000070f200000|  0%| F|  |TAMS 0x000000070f000000| PB 0x000000070f000000| Untracked |  0
| 110|0x000000070f200000, 0x000000070f200000, 0x000000070f400000|  0%| F|  |TAMS 0x000000070f200000| PB 0x000000070f200000| Untracked |  0
| 111|0x000000070f400000, 0x000000070f400000, 0x000000070f600000|  0%| F|  |TAMS 0x000000070f400000| PB 0x000000070f400000| Untracked |  0
| 112|0x000000070f600000, 0x000000070f600000, 0x000000070f800000|  0%| F|  |TAMS 0x000000070f600000| PB 0x000000070f600000| Untracked |  0
| 113|0x000000070f800000, 0x000000070f800000, 0x000000070fa00000|  0%| F|  |TAMS 0x000000070f800000| PB 0x000000070f800000| Untracked |  0
| 114|0x000000070fa00000, 0x000000070fa00000, 0x000000070fc00000|  0%| F|  |TAMS 0x000000070fa00000| PB 0x000000070fa00000| Untracked |  0
| 115|0x000000070fc00000, 0x000000070fc00000, 0x000000070fe00000|  0%| F|  |TAMS 0x000000070fc00000| PB 0x000000070fc00000| Untracked |  0
| 116|0x000000070fe00000, 0x000000070fe00000, 0x0000000710000000|  0%| F|  |TAMS 0x000000070fe00000| PB 0x000000070fe00000| Untracked |  0
| 117|0x0000000710000000, 0x0000000710000000, 0x0000000710200000|  0%| F|  |TAMS 0x0000000710000000| PB 0x0000000710000000| Untracked |  0
| 118|0x0000000710200000, 0x0000000710200000, 0x0000000710400000|  0%| F|  |TAMS 0x0000000710200000| PB 0x0000000710200000| Untracked |  0
| 119|0x0000000710400000, 0x0000000710400000, 0x0000000710600000|  0%| F|  |TAMS 0x0000000710400000| PB 0x0000000710400000| Untracked |  0
| 120|0x0000000710600000, 0x0000000710600000, 0x0000000710800000|  0%| F|  |TAMS 0x0000000710600000| PB 0x0000000710600000| Untracked |  0
| 121|0x0000000710800000, 0x0000000710800000, 0x0000000710a00000|  0%| F|  |TAMS 0x0000000710800000| PB 0x0000000710800000| Untracked |  0
| 122|0x0000000710a00000, 0x0000000710a00000, 0x0000000710c00000|  0%| F|  |TAMS 0x0000000710a00000| PB 0x0000000710a00000| Untracked |  0
| 123|0x0000000710c00000, 0x0000000710c00000, 0x0000000710e00000|  0%| F|  |TAMS 0x0000000710c00000| PB 0x0000000710c00000| Untracked |  0
| 124|0x0000000710e00000, 0x0000000710f04d58, 0x0000000711000000| 50%| E|  |TAMS 0x0000000710e00000| PB 0x0000000710e00000| Complete |  0
| 125|0x0000000711000000, 0x0000000711200000, 0x0000000711200000|100%| E|CS|TAMS 0x0000000711000000| PB 0x0000000711000000| Complete |  0
| 126|0x0000000711200000, 0x0000000711400000, 0x0000000711400000|100%| E|CS|TAMS 0x0000000711200000| PB 0x0000000711200000| Complete |  0
| 127|0x0000000711400000, 0x0000000711600000, 0x0000000711600000|100%| E|CS|TAMS 0x0000000711400000| PB 0x0000000711400000| Complete |  0

Card table byte_map: [0x00000181f8120000,0x00000181f8920000] _byte_map_base: 0x00000181f4915000

Marking Bits: (CMBitMap*) 0x00000181ef311470
 Bits: [0x00000181f8920000, 0x00000181fc8c8000)

Polling page: 0x00000181ed260000

Metaspace:

Usage:
  Non-class:      1.11 MB used.
      Class:    108.41 KB used.
       Both:      1.21 MB used.

Virtual space:
  Non-class space:       64.00 MB reserved,       1.12 MB (  2%) committed,  1 nodes.
      Class space:        1.00 GB reserved,     192.00 KB ( <1%) committed,  1 nodes.
             Both:        1.06 GB reserved,       1.31 MB ( <1%) committed. 

Chunk freelists:
   Non-Class:  11.73 MB
       Class:  15.70 MB
        Both:  27.44 MB

MaxMetaspaceSize: unlimited
CompressedClassSpaceSize: 1.00 GB
Initial GC threshold: 21.00 MB
Current GC threshold: 21.00 MB
CDS: on
 - commit_granule_bytes: 65536.
 - commit_granule_words: 8192.
 - virtual_space_node_default_size: 8388608.
 - enlarge_chunks_in_place: 1.
 - use_allocation_guard: 0.


Internal statistics:

num_allocs_failed_limit: 0.
num_arena_births: 26.
num_arena_deaths: 0.
num_vsnodes_births: 2.
num_vsnodes_deaths: 0.
num_space_committed: 21.
num_space_uncommitted: 0.
num_chunks_returned_to_freelist: 0.
num_chunks_taken_from_freelist: 46.
num_chunk_merges: 0.
num_chunk_splits: 29.
num_chunks_enlarged: 15.
num_inconsistent_stats: 0.

CodeHeap 'non-profiled nmethods': size=120000Kb used=139Kb max_used=139Kb free=119860Kb
 bounds [0x0000018187ad0000, 0x0000018187d40000, 0x000001818f000000]
CodeHeap 'profiled nmethods': size=120000Kb used=542Kb max_used=542Kb free=119457Kb
 bounds [0x0000018180000000, 0x0000018180270000, 0x0000018187530000]
CodeHeap 'non-nmethods': size=5760Kb used=1319Kb max_used=1338Kb free=4440Kb
 bounds [0x0000018187530000, 0x00000181877a0000, 0x0000018187ad0000]
 total_blobs=847 nmethods=418 adapters=334
 compilation: enabled
              stopped_count=0, restarted_count=0
 full_count=0

Compilation events (20 events):
Event: 0.255 Thread 0x00000181ff32dfb0 nmethod 408 0x000001818007fb90 code [0x000001818007fd20, 0x000001818007fe18]
Event: 0.255 Thread 0x00000181ff32dfb0  409       3       jdk.internal.jimage.ImageStringsReader::unmaskedHashCode (166 bytes)
Event: 0.256 Thread 0x00000181ff32c140  412       4       java.nio.DirectByteBuffer::ix (10 bytes)
Event: 0.256 Thread 0x00000181ff32c140 nmethod 412 0x0000018187af2510 code [0x0000018187af2680, 0x0000018187af2710]
Event: 0.256 Thread 0x00000181ff32dfb0 nmethod 409 0x000001818007fe90 code [0x00000181800800e0, 0x0000018180080bd8]
Event: 0.256 Thread 0x00000181ff32dfb0  410       3       java.util.concurrent.ConcurrentHashMap$Traverser::advance (188 bytes)
Event: 0.257 Thread 0x00000181ff32dfb0 nmethod 410 0x0000018180081090 code [0x00000181800812c0, 0x0000018180081dd0]
Event: 0.257 Thread 0x00000181ff32dfb0  411       3       jdk.internal.jimage.ImageLocation::readValue (61 bytes)
Event: 0.257 Thread 0x00000181ff32dfb0 nmethod 411 0x0000018180082090 code [0x0000018180082260, 0x00000181800825f8]
Event: 0.257 Thread 0x00000181ff32dfb0  413       1       jdk.internal.loader.URLClassPath$Loader::getBaseURL (5 bytes)
Event: 0.257 Thread 0x00000181ff32dfb0 nmethod 413 0x0000018187af2810 code [0x0000018187af29a0, 0x0000018187af2a70]
Event: 0.258 Thread 0x00000181ff32dfb0  414       3       sun.net.www.ParseUtil::firstEncodeIndex (86 bytes)
Event: 0.258 Thread 0x00000181ff32dfb0 nmethod 414 0x0000018180082790 code [0x00000181800829c0, 0x0000018180083340]
Event: 0.258 Thread 0x00000181ff32dfb0  415       3       java.lang.StringConcatHelper::initialCoder (14 bytes)
Event: 0.258 Thread 0x00000181ff32dfb0 nmethod 415 0x0000018180083710 code [0x00000181800838a0, 0x00000181800839b0]
Event: 0.258 Thread 0x00000181ff32dfb0  416       3       java.lang.String::concat (15 bytes)
Event: 0.259 Thread 0x00000181ff32dfb0 nmethod 416 0x0000018180083a10 code [0x0000018180083d40, 0x0000018180085000]
Event: 0.259 Thread 0x00000181ff32dfb0  418       3       java.lang.StringConcatHelper::newArray (40 bytes)
Event: 0.259 Thread 0x00000181ff32dfb0 nmethod 418 0x0000018180085690 code [0x0000018180085860, 0x0000018180085b70]
Event: 0.259 Thread 0x00000181ff32dfb0  417       3       java.lang.StringConcatHelper::simpleConcat (94 bytes)

GC Heap History (0 events):
No events

Dll operation events (10 events):
Event: 0.008 Loaded shared library C:\Users\Orbit\.jdks\openjdk-22\bin\java.dll
Event: 0.044 Loaded shared library C:\Users\Orbit\.jdks\openjdk-22\bin\jsvml.dll
Event: 0.116 Loaded shared library C:\Users\Orbit\.jdks\openjdk-22\bin\zip.dll
Event: 0.119 Loaded shared library C:\Users\Orbit\.jdks\openjdk-22\bin\instrument.dll
Event: 0.123 Loaded shared library C:\Users\Orbit\.jdks\openjdk-22\bin\net.dll
Event: 0.124 Loaded shared library C:\Users\Orbit\.jdks\openjdk-22\bin\nio.dll
Event: 0.127 Loaded shared library C:\Users\Orbit\.jdks\openjdk-22\bin\zip.dll
Event: 0.136 Loaded shared library C:\Program Files\JetBrains\IntelliJ IDEA 2024.2.0.1\bin\breakgen64.dll
Event: 0.144 Loaded shared library C:\Users\Orbit\.jdks\openjdk-22\bin\extnet.dll
Event: 0.250 Loaded shared library C:\Users\Orbit\.jdks\openjdk-22\bin\jimage.dll

Deoptimization events (20 events):
Event: 0.116 Thread 0x00000181ed18cb60 Uncommon trap: trap_request=0xffffff45 fr.pc=0x0000018187ad1664 relative=0x00000000000000c4
Event: 0.116 Thread 0x00000181ed18cb60 Uncommon trap: reason=unstable_if action=reinterpret pc=0x0000018187ad1664 method=java.lang.String.isLatin1()Z @ 10 c2
Event: 0.116 Thread 0x00000181ed18cb60 DEOPT PACKING pc=0x0000018187ad1664 sp=0x0000002f6affede0
Event: 0.116 Thread 0x00000181ed18cb60 DEOPT UNPACKING pc=0x00000181875846a2 sp=0x0000002f6affed20 mode 2
Event: 0.171 Thread 0x00000181ed18cb60 DEOPT PACKING pc=0x000001818002c149 sp=0x0000002f6affc840
Event: 0.171 Thread 0x00000181ed18cb60 DEOPT UNPACKING pc=0x0000018187584e42 sp=0x0000002f6affbcb0 mode 0
Event: 0.171 Thread 0x00000181ed18cb60 DEOPT PACKING pc=0x000001818002c149 sp=0x0000002f6affc840
Event: 0.171 Thread 0x00000181ed18cb60 DEOPT UNPACKING pc=0x0000018187584e42 sp=0x0000002f6affbcb0 mode 0
Event: 0.171 Thread 0x00000181ed18cb60 DEOPT PACKING pc=0x000001818002c149 sp=0x0000002f6affc840
Event: 0.171 Thread 0x00000181ed18cb60 DEOPT UNPACKING pc=0x0000018187584e42 sp=0x0000002f6affbcb0 mode 0
Event: 0.171 Thread 0x00000181ed18cb60 DEOPT PACKING pc=0x000001818002c149 sp=0x0000002f6affc840
Event: 0.171 Thread 0x00000181ed18cb60 DEOPT UNPACKING pc=0x0000018187584e42 sp=0x0000002f6affbcb0 mode 0
Event: 0.171 Thread 0x00000181ed18cb60 DEOPT PACKING pc=0x000001818002c149 sp=0x0000002f6affc840
Event: 0.171 Thread 0x00000181ed18cb60 DEOPT UNPACKING pc=0x0000018187584e42 sp=0x0000002f6affbcb0 mode 0
Event: 0.171 Thread 0x00000181ed18cb60 DEOPT PACKING pc=0x000001818002c149 sp=0x0000002f6affc840
Event: 0.172 Thread 0x00000181ed18cb60 DEOPT UNPACKING pc=0x0000018187584e42 sp=0x0000002f6affbcb0 mode 0
Event: 0.172 Thread 0x00000181ed18cb60 DEOPT PACKING pc=0x000001818002c149 sp=0x0000002f6affc840
Event: 0.172 Thread 0x00000181ed18cb60 DEOPT UNPACKING pc=0x0000018187584e42 sp=0x0000002f6affbcb0 mode 0
Event: 0.186 Thread 0x00000181ed18cb60 DEOPT PACKING pc=0x000001818000c4fc sp=0x0000002f6affcbd0
Event: 0.186 Thread 0x00000181ed18cb60 DEOPT UNPACKING pc=0x0000018187584e42 sp=0x0000002f6affbff0 mode 0

Classes loaded (20 events):
Event: 0.237 Loading class java/lang/IllegalStateException
Event: 0.238 Loading class java/lang/IllegalStateException done
Event: 0.239 Loading class java/lang/InstantiationException
Event: 0.239 Loading class java/lang/InstantiationException done
Event: 0.239 Loading class java/lang/IllegalAccessException
Event: 0.239 Loading class java/lang/IllegalAccessException done
Event: 0.239 Loading class java/util/ServiceConfigurationError
Event: 0.239 Loading class java/util/ServiceConfigurationError done
Event: 0.241 Loading class java/lang/UnsupportedOperationException
Event: 0.241 Loading class java/lang/UnsupportedOperationException done
Event: 0.243 Loading class java/util/concurrent/LinkedBlockingQueue
Event: 0.243 Loading class java/util/AbstractQueue
Event: 0.243 Loading class java/util/AbstractQueue done
Event: 0.243 Loading class java/util/concurrent/LinkedBlockingQueue done
Event: 0.244 Loading class java/util/concurrent/LinkedBlockingQueue$Node
Event: 0.244 Loading class java/util/concurrent/LinkedBlockingQueue$Node done
Event: 0.245 Loading class java/lang/InheritableThreadLocal
Event: 0.245 Loading class java/lang/InheritableThreadLocal done
Event: 0.248 Loading class java/lang/SecurityException
Event: 0.248 Loading class java/lang/SecurityException done

Classes unloaded (0 events):
No events

Classes redefined (0 events):
No events

Internal exceptions (4 events):
Event: 0.128 Thread 0x00000181ed18cb60 Exception <a 'java/lang/NoSuchMethodError'{0x000000071133ee88}: 'void java.lang.invoke.DirectMethodHandle$Holder.invokeStatic(java.lang.Object, java.lang.Object, java.lang.Object)'> (0x000000071133ee88) 
thrown [s\open\src\hotspot\share\interpreter\linkResolver.cpp, line 774]
Event: 0.133 Thread 0x00000181ed18cb60 Exception <a 'java/lang/NoSuchMethodError'{0x0000000711356920}: 'java.lang.Object java.lang.invoke.Invokers$Holder.invokeExact_MT(java.lang.Object, java.lang.Object, java.lang.Object, java.lang.Object, java.lang.Object)'> (0x0000000711356920) 
thrown [s\open\src\hotspot\share\interpreter\linkResolver.cpp, line 774]
Event: 0.146 Thread 0x00000181ed18cb60 Exception <a 'java/lang/NoSuchMethodError'{0x0000000711369850}: 'void java.lang.invoke.DirectMethodHandle$Holder.invokeStatic(java.lang.Object, java.lang.Object)'> (0x0000000711369850) 
thrown [s\open\src\hotspot\share\interpreter\linkResolver.cpp, line 774]
Event: 0.146 Thread 0x00000181d4236300 Exception <a 'java/lang/NoSuchMethodError'{0x0000000711379b08}: 'void java.lang.invoke.DirectMethodHandle$Holder.invokeStatic(java.lang.Object, java.lang.Object)'> (0x0000000711379b08) 
thrown [s\open\src\hotspot\share\interpreter\linkResolver.cpp, line 774]

ZGC Phase Switch (0 events):
No events

VM Operations (2 events):
Event: 0.104 Executing VM operation: HandshakeAllThreads (Deoptimize)
Event: 0.104 Executing VM operation: HandshakeAllThreads (Deoptimize) done

Events (13 events):
Event: 0.025 Thread 0x00000181ed18cb60 Thread added: 0x00000181ed18cb60
Event: 0.041 Thread 0x00000181ff318490 Thread added: 0x00000181ff318490
Event: 0.041 Thread 0x00000181ff31a2b0 Thread added: 0x00000181ff31a2b0
Event: 0.041 Thread 0x00000181ff31e330 Thread added: 0x00000181ff31e330
Event: 0.041 Thread 0x00000181ff31f1c0 Thread added: 0x00000181ff31f1c0
Event: 0.042 Thread 0x00000181ff3203c0 Thread added: 0x00000181ff3203c0
Event: 0.042 Thread 0x00000181ff323930 Thread added: 0x00000181ff323930
Event: 0.042 Thread 0x00000181ff32c140 Thread added: 0x00000181ff32c140
Event: 0.042 Thread 0x00000181ff32dfb0 Thread added: 0x00000181ff32dfb0
Event: 0.096 Thread 0x00000181d4235c70 Thread added: 0x00000181d4235c70
Event: 0.137 Thread 0x00000181d4236300 Thread added: 0x00000181d4236300
Event: 0.137 Thread 0x00000181d4234f50 Thread added: 0x00000181d4234f50
Event: 0.193 Thread 0x00000181d44952f0 Thread added: 0x00000181d44952f0


Dynamic libraries:
0x00007ff649030000 - 0x00007ff64903e000 	C:\Users\Orbit\.jdks\openjdk-22\bin\java.exe
0x00007ff9f3550000 - 0x00007ff9f3748000 	C:\Windows\SYSTEM32\ntdll.dll
0x00007ff9f3270000 - 0x00007ff9f3331000 	C:\Windows\System32\KERNEL32.DLL
0x00007ff9f0e80000 - 0x00007ff9f117d000 	C:\Windows\System32\KERNELBASE.dll
0x00007ff9f1180000 - 0x00007ff9f1280000 	C:\Windows\System32\ucrtbase.dll
0x00007ff9ecba0000 - 0x00007ff9ecbbb000 	C:\Users\Orbit\.jdks\openjdk-22\bin\VCRUNTIME140.dll
0x00007ff9ecbc0000 - 0x00007ff9ecbd7000 	C:\Users\Orbit\.jdks\openjdk-22\bin\jli.dll
0x00007ff9f2cc0000 - 0x00007ff9f2e5d000 	C:\Windows\System32\USER32.dll
0x00007ff9df520000 - 0x00007ff9df7ba000 	C:\Windows\WinSxS\amd64_microsoft.windows.common-controls_6595b64144ccf1df_6.0.19041.4355_none_60b8b9eb71f62e16\COMCTL32.dll
0x00007ff9f1490000 - 0x00007ff9f14b2000 	C:\Windows\System32\win32u.dll
0x00007ff9f1b10000 - 0x00007ff9f1bae000 	C:\Windows\System32\msvcrt.dll
0x00007ff9f2ab0000 - 0x00007ff9f2adb000 	C:\Windows\System32\GDI32.dll
0x00007ff9f0d60000 - 0x00007ff9f0e77000 	C:\Windows\System32\gdi32full.dll
0x00007ff9f13f0000 - 0x00007ff9f148d000 	C:\Windows\System32\msvcp_win.dll
0x00007ff9f19d0000 - 0x00007ff9f19ff000 	C:\Windows\System32\IMM32.DLL
0x00007ff9ecce0000 - 0x00007ff9eccec000 	C:\Users\Orbit\.jdks\openjdk-22\bin\vcruntime140_1.dll
0x00007ff9dd240000 - 0x00007ff9dd2ce000 	C:\Users\Orbit\.jdks\openjdk-22\bin\msvcp140.dll
0x00007ff9817d0000 - 0x00007ff982518000 	C:\Users\Orbit\.jdks\openjdk-22\bin\server\jvm.dll
0x00007ff9f1a60000 - 0x00007ff9f1b10000 	C:\Windows\System32\ADVAPI32.dll
0x00007ff9f31d0000 - 0x00007ff9f3270000 	C:\Windows\System32\sechost.dll
0x00007ff9f28a0000 - 0x00007ff9f29c3000 	C:\Windows\System32\RPCRT4.dll
0x00007ff9f1310000 - 0x00007ff9f1337000 	C:\Windows\System32\bcrypt.dll
0x00007ff9f2330000 - 0x00007ff9f239b000 	C:\Windows\System32\WS2_32.dll
0x00007ff9f0130000 - 0x00007ff9f017b000 	C:\Windows\SYSTEM32\POWRPROF.dll
0x00007ff9e41a0000 - 0x00007ff9e41c7000 	C:\Windows\SYSTEM32\WINMM.dll
0x00007ff9e4190000 - 0x00007ff9e419a000 	C:\Windows\SYSTEM32\VERSION.dll
0x00007ff9efff0000 - 0x00007ff9f0002000 	C:\Windows\SYSTEM32\UMPDC.dll
0x00007ff9ef400000 - 0x00007ff9ef412000 	C:\Windows\SYSTEM32\kernel.appcore.dll
0x00007ff9ecc80000 - 0x00007ff9ecc8a000 	C:\Users\Orbit\.jdks\openjdk-22\bin\jimage.dll
0x00007ff9d4e90000 - 0x00007ff9d5074000 	C:\Windows\SYSTEM32\DBGHELP.DLL
0x00007ff9d4e50000 - 0x00007ff9d4e84000 	C:\Windows\SYSTEM32\dbgcore.DLL
0x00007ff9f1280000 - 0x00007ff9f1302000 	C:\Windows\System32\bcryptPrimitives.dll
0x00007ff9ecc60000 - 0x00007ff9ecc6f000 	C:\Users\Orbit\.jdks\openjdk-22\bin\instrument.dll
0x00007ff9ec790000 - 0x00007ff9ec7ae000 	C:\Users\Orbit\.jdks\openjdk-22\bin\java.dll
0x00007ff9f1bc0000 - 0x00007ff9f232f000 	C:\Windows\System32\SHELL32.dll
0x00007ff9f2ae0000 - 0x00007ff9f2c0b000 	C:\Windows\System32\ole32.dll
0x00007ff9f2e60000 - 0x00007ff9f31b3000 	C:\Windows\System32\combase.dll
0x00007ff9eec60000 - 0x00007ff9ef3ff000 	C:\Windows\SYSTEM32\windows.storage.dll
0x00007ff9f0620000 - 0x00007ff9f064e000 	C:\Windows\SYSTEM32\Wldp.dll
0x00007ff9f1900000 - 0x00007ff9f19cd000 	C:\Windows\System32\OLEAUT32.dll
0x00007ff9f1660000 - 0x00007ff9f170d000 	C:\Windows\System32\SHCORE.dll
0x00007ff9f1a00000 - 0x00007ff9f1a55000 	C:\Windows\System32\shlwapi.dll
0x00007ff9f0b30000 - 0x00007ff9f0b54000 	C:\Windows\SYSTEM32\profapi.dll
0x00007ff9c8f90000 - 0x00007ff9c9067000 	C:\Users\Orbit\.jdks\openjdk-22\bin\jsvml.dll
0x00007ff9e9da0000 - 0x00007ff9e9db7000 	C:\Users\Orbit\.jdks\openjdk-22\bin\zip.dll
0x00007ff9ea110000 - 0x00007ff9ea120000 	C:\Users\Orbit\.jdks\openjdk-22\bin\net.dll
0x00007ff9f0380000 - 0x00007ff9f03ea000 	C:\Windows\system32\mswsock.dll
0x00007ff9e9df0000 - 0x00007ff9e9e06000 	C:\Users\Orbit\.jdks\openjdk-22\bin\nio.dll
0x00007ff9e9d80000 - 0x00007ff9e9d9a000 	C:\Program Files\JetBrains\IntelliJ IDEA 2024.2.0.1\bin\breakgen64.dll
0x00007ff9e9d70000 - 0x00007ff9e9d79000 	C:\Users\Orbit\.jdks\openjdk-22\bin\extnet.dll

dbghelp: loaded successfully - version: 4.0.5 - missing functions: none
symbol engine: initialized successfully - sym options: 0x614 - pdb path: .;C:\Users\Orbit\.jdks\openjdk-22\bin;C:\Windows\SYSTEM32;C:\Windows\WinSxS\amd64_microsoft.windows.common-controls_6595b64144ccf1df_6.0.19041.4355_none_60b8b9eb71f62e16;C:\Users\Orbit\.jdks\openjdk-22\bin\server;C:\Program Files\JetBrains\IntelliJ IDEA 2024.2.0.1\bin

VM Arguments:
jvm_args: -ea -Didea.test.cyclic.buffer.size=1048576 -javaagent:C:\Program Files\JetBrains\IntelliJ IDEA 2024.2.0.1\lib\idea_rt.jar=52896:C:\Program Files\JetBrains\IntelliJ IDEA 2024.2.0.1\bin -Dfile.encoding=UTF-8 -Dsun.stdout.encoding=UTF-8 -Dsun.stderr.encoding=UTF-8 
java_command: com.intellij.rt.testng.RemoteTestNGStarter -usedefaultlisteners false -socket52895 @w@C:\Users\Orbit\AppData\Local\Temp\idea_working_dirs_testng.tmp -temp C:\Users\Orbit\AppData\Local\Temp\idea_testng.tmp
java_class_path (initial): C:\Program Files\JetBrains\IntelliJ IDEA 2024.2.0.1\lib\idea_rt.jar;C:\Program Files\JetBrains\IntelliJ IDEA 2024.2.0.1\plugins\testng\lib\testng-rt.jar;C:\Users\Orbit\IdeaProjects\untitled3\target\test-classes;C:\Users\Orbit\IdeaProjects\untitled3\target\classes;C:\Users\Orbit\.m2\repository\io\appium\java-client\9.3.0\java-client-9.3.0.jar;C:\Users\Orbit\.m2\repository\org\seleniumhq\selenium\selenium-api\4.23.1\selenium-api-4.23.1.jar;C:\Users\Orbit\.m2\repository\org\seleniumhq\selenium\selenium-remote-driver\4.23.1\selenium-remote-driver-4.23.1.jar;C:\Users\Orbit\.m2\repository\com\google\auto\service\auto-service-annotations\1.1.1\auto-service-annotations-1.1.1.jar;C:\Users\Orbit\.m2\repository\com\google\guava\guava\33.2.1-jre\guava-33.2.1-jre.jar;C:\Users\Orbit\.m2\repository\com\google\guava\failureaccess\1.0.2\failureaccess-1.0.2.jar;C:\Users\Orbit\.m2\repository\com\google\guava\listenablefuture\9999.0-empty-to-avoid-conflict-with-guava\listenablefuture-9999.0-empty-to-avoid-conflict-with-guava.jar;C:\Users\Orbit\.m2\repository\com\google\code\findbugs\jsr305\3.0.2\jsr305-3.0.2.jar;C:\Users\Orbit\.m2\repository\org\checkerframework\checker-qual\3.42.0\checker-qual-3.42.0.jar;C:\Users\Orbit\.m2\repository\com\google\j2objc\j2objc-annotations\3.0.0\j2objc-annotations-3.0.0.jar;C:\Users\Orbit\.m2\repository\io\opentelemetry\semconv\opentelemetry-semconv\1.25.0-alpha\opentelemetry-semconv-1.25.0-alpha.jar;C:\Users\Orbit\.m2\repository\io\opentelemetry\opentelemetry-api\1.40.0\opentelemetry-api-1.40.0.jar;C:\Users\Orbit\.m2\repository\io\opentelemetry\opentelemetry-context\1.40.0\opentelemetry-context-1.40.0.jar;C:\Users\Orbit\.m2\repository\io\opentelemetry\opentelemetry-exporter-logging\1.40.0\opentelemetry-exporter-logging-1.40.0.jar;C:\Users\Orbit\.m2\repository\io\opentelemetry\opentelemetry-sdk-common\1.40.0\opentelemetry-sdk-common-1.40.0.jar;C:\Users\Orbit\.m2\repository\io\opentelemetry\opentelemetry-sdk-extension-autoconfigure-spi\1.40.0\opentelemetry-sdk-extension-autoconfigure-spi-1.40.0.jar;C:\Users\Orbit\.m2\repository\io\opentelemetry\opentelemetry-sdk-extension-autoconfigure\1.40.0\opentelemetry-sdk-extension-autoconfigure-1.40.0.jar;C:\Users\Orbit\.m2\repository\io\opentelemetry\opentelemetry-api-incubator\1.40.0-alpha\opentelemetry-api-incubator-1.40.0-alpha.jar;C:\Users\Orbit\.m2\repository\io\opentelemetry\opentelemetry-sdk-trace\1.40.0\opentelemetry-sdk-trace-1.40.0.jar;C:\Users\Orbit\.m2\repository\io\opentelemetry\opentelemetry-sdk\1.40.0\opentelemetry-sdk-1.40.0.jar;C:\Users\Orbit\.m2\repository\io\opentelemetry\opentelemetry-sdk-metrics\1.40.0\opentelemetry-sdk-metrics-1.40.0.jar;C:\Users\Orbit\.m2\repository\io\opentelemetry\opentelemetry-sdk-logs\1.40.0\opentelemetry-sdk-logs-1.40.0.jar;C:\Users\Orbit\.m2\repository\net\bytebuddy\byte-buddy\1.14.18\byte-buddy-1.14.18.jar;C:\Users\Orbit\.m2\repository\org\seleniumhq\selenium\selenium-http\4.23.1\selenium-http-4.23.1.jar;C:\Users\Orbit\.m2\repository\dev\failsafe\failsafe\3.3.2\failsafe-3.3.2.jar;C:\Users\Orbit\.m2\repository\org\seleniumhq\selenium\selenium-json\4.23.1\selenium-json-4.23.1.jar;C:\Users\Orbit\.m2\repository\org\seleniumhq\selenium\selenium-manager\4.23.1\selenium-manager-4.23.1.jar;C:\Users\Orbit\.m2\repository\org\seleniumhq\selenium\selenium-os\4.23.1\selenium-os-4.23.1.jar;C:\Users\Orbit\.m2\repository\org\apache\commons\commons-exec\1.4.0\commons-exec-1.4.0.jar;C:\Users\Orbit\.m2\repository\org\seleniumhq\selenium\selenium-support\4.23.1\selenium-support-4.23.1.jar;C:\Users\Orbit\.m2\repository\com\google\code\gson\gson\2.11.0\gson-2.11.0.jar;C:\Users\Orbit\.m2\repository\com\google\errorprone\error_prone_annotations\2.27.0\error_prone_annotations-2.27.0.jar;C:\Users\Orbit\.m2\repository\org\slf4j\slf4j-api\2.0.13\slf4j-api-2.0.13.jar;C:\Users\Orbit\.m2\repository\org\seleniumhq\selenium\selenium-java\4.23.0\selenium-java-4.23.0.jar;C:\Users\Orbit\.m2\repository\org\seleniumhq\selenium\selenium-chrome-driver\4.23.0\selenium-chrome-driver-4.23.0.jar;C:\Users\Orbit\.m2\repository\org\seleniumhq\selenium\selenium-chromium-driver\4.23.0\selenium-chromium-driver-4.23.0.jar;C:\Users\Orbit\.m2\repository\org\seleniumhq\selenium\selenium-devtools-v125\4.23.0\selenium-devtools-v125-4.23.0.jar;C:\Users\Orbit\.m2\repository\org\seleniumhq\selenium\selenium-devtools-v126\4.23.0\selenium-devtools-v126-4.23.0.jar;C:\Users\Orbit\.m2\repository\org\seleniumhq\selenium\selenium-devtools-v127\4.23.0\selenium-devtools-v127-4.23.0.jar;C:\Users\Orbit\.m2\repository\org\seleniumhq\selenium\selenium-devtools-v85\4.23.0\selenium-devtools-v85-4.23.0.jar;C:\Users\Orbit\.m2\repository\org\seleniumhq\selenium\selenium-edge-driver\4.23.0\selenium-edge-driver-4.23.0.jar;C:\Users\Orbit\.m2\repository\org\seleniumhq\selenium\selenium-firefox-driver\4.23.0\selenium-firefox-driver-4.23.0.jar;C:\Users\Orbit\.m2\repository\org\seleniumhq\selenium\selenium-ie-driver\4.23.0\selenium-ie-driver-4.23.0.jar;C:\Users\Orbit\.m2\repository\org\seleniumhq\selenium\selenium-safari-driver\4.23.0\selenium-safari-driver-4.23.0.jar;C:\Users\Orbit\.m2\repository\org\testng\testng\7.10.1\testng-7.10.1.jar;C:\Users\Orbit\.m2\repository\com\beust\jcommander\1.82\jcommander-1.82.jar;C:\Users\Orbit\.m2\repository\org\webjars\jquery\3.7.1\jquery-3.7.1.jar
Launcher Type: SUN_STANDARD

[Global flags]
     intx CICompilerCount                          = 4                                         {product} {ergonomic}
     uint ConcGCThreads                            = 2                                         {product} {ergonomic}
     uint G1ConcRefinementThreads                  = 8                                         {product} {ergonomic}
   size_t G1HeapRegionSize                         = 2097152                                   {product} {ergonomic}
   size_t InitialHeapSize                          = 268435456                                 {product} {ergonomic}
   size_t MarkStackSize                            = 4194304                                   {product} {ergonomic}
   size_t MaxHeapSize                              = 4271898624                                {product} {ergonomic}
   size_t MaxNewSize                               = 2562719744                                {product} {ergonomic}
   size_t MinHeapDeltaBytes                        = 2097152                                   {product} {ergonomic}
   size_t MinHeapSize                              = 8388608                                   {product} {ergonomic}
    uintx NonNMethodCodeHeapSize                   = 5839372                                {pd product} {ergonomic}
    uintx NonProfiledCodeHeapSize                  = 122909434                              {pd product} {ergonomic}
    uintx ProfiledCodeHeapSize                     = 122909434                              {pd product} {ergonomic}
    uintx ReservedCodeCacheSize                    = 251658240                              {pd product} {ergonomic}
     bool SegmentedCodeCache                       = true                                      {product} {ergonomic}
   size_t SoftMaxHeapSize                          = 4271898624                             {manageable} {ergonomic}
     bool UseCompressedOops                        = true                           {product lp64_product} {ergonomic}
     bool UseG1GC                                  = true                                      {product} {ergonomic}
     bool UseLargePagesIndividualAllocation        = false                                  {pd product} {ergonomic}

Logging:
Log output configuration:
 #0: stdout all=warning uptime,level,tags foldmultilines=false
 #1: stderr all=off uptime,level,tags foldmultilines=false

Environment Variables:
JAVA_HOME=C:\Program Files\Java\jdk-22
PATH=C:\Program Files\Common Files\Oracle\Java\javapath;C:\Program Files (x86)\Common Files\Oracle\Java\java8path;C:\Program Files (x86)\Common Files\Oracle\Java\javapath;C:\Program Files (x86)\NVIDIA Corporation\PhysX\Common;C:\Program Files (x86)\Intel\iCLS Client\;C:\Program Files\Intel\iCLS Client\;C:\Windows\system32;C:\Windows;C:\Windows\System32\Wbem;C:\Windows\System32\WindowsPowerShell\v1.0\;C:\Windows\System32\OpenSSH\;C:\Program Files (x86)\Intel\Intel(R) Management Engine Components\DAL;C:\Program Files\Intel\Intel(R) Management Engine Components\DAL;C:\Program Files (x86)\Intel\Intel(R) Management Engine Components\IPT;C:\Program Files\Intel\Intel(R) Management Engine Components\IPT;C:\Program Files (x86)\AMD\ATI.ACE\Core-Static;C:\Program Files\MATLAB\R2018a\runtime\win64;C:\Program Files\MATLAB\R2018a\bin;C:\Program Files\CodeBlocks\MinGW\bin;C:\Program Files\CodeBlocks\MinGW\bin;C:\Program Files (x86)\Microsoft SQL Server\160\Tools\Binn\;C:\Program Files\Microsoft SQL Server\160\Tools\Binn\;C:\Program Files\Microsoft SQL Server\Client SDK\ODBC\170\Tools\Binn\;C:\Program Files\Microsoft SQL Server\160\DTS\Binn\;C:\Program Files\Java\jdk-22\bin;%ANDRIOD_HOME%\platform-tools;%ANDRIOD_HOME%\emulator;C:\Users\Orbit\AppData\Local\Android\Sdk\platform-tools;C:\Program Files\Git\cmd;C:\Program Files\nodejs\;C:\Program Files\nodejs;C:\Program Files\Java\jdk-22;%AUTOMATOR;C:\Users\Orbit\AppData\Local\Android\Sdk;C:\Program Files\Android\Android Studio\plugins;C:\Users\Orbit\AppData\Local\Android\Sdk\platform-tools;C:\Users\Orbit\AppData\Local\Android\Sdk\emulator;C:\Program Files\Java\jdk-22;C:\Program Files\Java\jdk-22;C:\Users\Orbit\Downloads\selendroid;C:\Users\Orbit\AppData\Local\Microsoft\WindowsApps;C:\Users\Orbit\AppData\Roaming\npm
USERNAME=Orbit
OS=Windows_NT
PROCESSOR_IDENTIFIER=Intel64 Family 6 Model 60 Stepping 3, GenuineIntel
TMP=C:\Users\Orbit\AppData\Local\Temp
TEMP=C:\Users\Orbit\AppData\Local\Temp




Periodic native trim disabled

---------------  S Y S T E M  ---------------

OS:
 Windows 10 , 64 bit Build 19041 (10.0.19041.4717)
OS uptime: 0 days 2:54 hours

CPU: total 8 (initial active 8) (4 cores per cpu, 2 threads per core) family 6 model 60 stepping 3 microcode 0x27, cx8, cmov, fxsr, ht, mmx, sse, sse2, sse3, ssse3, sse4.1, sse4.2, popcnt, lzcnt, tsc, tscinvbit, avx, avx2, aes, erms, clmul, bmi1, bmi2, fma, vzeroupper, clflush, rdtscp, f16c
Processor Information for all 8 processors :
  Max Mhz: 2801, Current Mhz: 2801, Mhz Limit: 2801

Memory: 4k page, system-wide physical 16289M (3266M free)
TotalPageFile size 16289M (AvailPageFile size 3M)
current process WorkingSet (physical memory assigned to process): 46M, peak: 46M
current process commit charge ("private bytes"): 345M, peak: 345M

vm_info: OpenJDK 64-Bit Server VM (22+36-2370) for windows-amd64 JRE (22+36-2370), built on 2024-02-15T22:15:19Z by "mach5one" with MS VC++ 17.6 (VS2022)

END.
